<?xml version="1.0" encoding="UTF-8"?>
<!-- Generated by org.testng.reporters.JUnitXMLReporter -->
<testsuite ignored="0" hostname="Kens-MacBook-Pro.local" failures="0" tests="1" name="Test" time="0.013" errors="0" timestamp="2022-03-01T21:40:01 EST">
  <testcase classname="Day11_TestNG.mutiBrowser" name="@BeforeClass beforeTest" time="-1.646188801218E9">
    <failure type="org.testng.TestNGException" message="
Parameter &amp;apos;browser&amp;apos; is required by BeforeClass on method beforeTest but has not been marked @Optional or defined
in /Users/ken/eclipse-workspace/Batch9_Selenium/mutiBrowser.xml">
      <![CDATA[org.testng.TestNGException: 
Parameter 'browser' is required by BeforeClass on method beforeTest but has not been marked @Optional or defined
in /Users/ken/eclipse-workspace/Batch9_Selenium/mutiBrowser.xml
at java.base/java.util.ArrayList.forEach(ArrayList.java:1511)
... Removed 22 stack frames]]>
    </failure>
  </testcase> <!-- @BeforeClass beforeTest -->
  <testcase classname="Day11_TestNG.mutiBrowser" name="@AfterClass afterTest" time="0.0">
    <skipped/>
  </testcase> <!-- @AfterClass afterTest -->
  <testcase classname="Day11_TestNG.mutiBrowser" name="searchItem" time="0.0">
    <skipped/>
  </testcase> <!-- searchItem -->
</testsuite> <!-- Test -->
