<?xml version="1.0" encoding="UTF-8"?>
<!-- Generated by org.testng.reporters.JUnitReportReporter -->
<testsuite hostname="Kens-MBP" failures="0" tests="18" name="Day1_Selenium.TestHomePage" time="240.430" errors="1" timestamp="2022-03-08T19:54:37 EST" skipped="17">
  <testcase classname="Day1_Selenium.TestHomePage" name="HomeArrivalsAddtoBasketItemsCoupon" time="240.430">
    <error message="no such element: Unable to locate element: {&quot;method&quot;:&quot;xpath&quot;,&quot;selector&quot;:&quot;//td[@data-title=&#039;Coupon: krishnasakinala&#039;]&quot;}
  (Session info: chrome=99.0.4844.51)
For documentation on this error, please visit: https://www.seleniumhq.org/exceptions/no_such_element.html
Build info: version: &#039;3.141.59&#039;, revision: &#039;e82be7d358&#039;, time: &#039;2018-11-14T08:17:03&#039;
System info: host: &#039;Kens-MBP&#039;, ip: &#039;fe80:0:0:0:1086:94d6:6248:6343%en0&#039;, os.name: &#039;Mac OS X&#039;, os.arch: &#039;x86_64&#039;, os.version: &#039;11.1&#039;, java.version: &#039;17.0.1&#039;
Driver info: org.openqa.selenium.chrome.ChromeDriver
Capabilities {acceptInsecureCerts: false, browserName: chrome, browserVersion: 99.0.4844.51, chrome: {chromedriverVersion: 99.0.4844.51 (d537ec02474b5..., userDataDir: /var/folders/cv/k19rhgzd7zg...}, goog:chromeOptions: {debuggerAddress: localhost:60090}, javascriptEnabled: true, networkConnectionEnabled: false, pageLoadStrategy: normal, platform: MAC, platformName: MAC, proxy: Proxy(), setWindowRect: true, strictFileInteractability: false, timeouts: {implicit: 0, pageLoad: 300000, script: 30000}, unhandledPromptBehavior: dismiss and notify, webauthn:extension:credBlob: true, webauthn:extension:largeBlob: true, webauthn:virtualAuthenticators: true}
Session ID: 2817c53685c6c4f2dbb8501c5a0d8294
*** Element info: {Using=xpath, value=//td[@data-title=&#039;Coupon: krishnasakinala&#039;]}" type="org.openqa.selenium.NoSuchElementException">
      <![CDATA[org.openqa.selenium.NoSuchElementException: no such element: Unable to locate element: {"method":"xpath","selector":"//td[@data-title='Coupon: krishnasakinala']"}
  (Session info: chrome=99.0.4844.51)
For documentation on this error, please visit: https://www.seleniumhq.org/exceptions/no_such_element.html
Build info: version: '3.141.59', revision: 'e82be7d358', time: '2018-11-14T08:17:03'
System info: host: 'Kens-MBP', ip: 'fe80:0:0:0:1086:94d6:6248:6343%en0', os.name: 'Mac OS X', os.arch: 'x86_64', os.version: '11.1', java.version: '17.0.1'
Driver info: org.openqa.selenium.chrome.ChromeDriver
Capabilities {acceptInsecureCerts: false, browserName: chrome, browserVersion: 99.0.4844.51, chrome: {chromedriverVersion: 99.0.4844.51 (d537ec02474b5..., userDataDir: /var/folders/cv/k19rhgzd7zg...}, goog:chromeOptions: {debuggerAddress: localhost:60090}, javascriptEnabled: true, networkConnectionEnabled: false, pageLoadStrategy: normal, platform: MAC, platformName: MAC, proxy: Proxy(), setWindowRect: true, strictFileInteractability: false, timeouts: {implicit: 0, pageLoad: 300000, script: 30000}, unhandledPromptBehavior: dismiss and notify, webauthn:extension:credBlob: true, webauthn:extension:largeBlob: true, webauthn:virtualAuthenticators: true}
Session ID: 2817c53685c6c4f2dbb8501c5a0d8294
*** Element info: {Using=xpath, value=//td[@data-title='Coupon: krishnasakinala']}
at java.base/jdk.internal.reflect.NativeConstructorAccessorImpl.newInstance0(Native Method)
at java.base/jdk.internal.reflect.NativeConstructorAccessorImpl.newInstance(NativeConstructorAccessorImpl.java:77)
at java.base/jdk.internal.reflect.DelegatingConstructorAccessorImpl.newInstance(DelegatingConstructorAccessorImpl.java:45)
at java.base/java.lang.reflect.Constructor.newInstanceWithCaller(Constructor.java:499)
at java.base/java.lang.reflect.Constructor.newInstance(Constructor.java:480)
at org.openqa.selenium.remote.http.W3CHttpResponseCodec.createException(W3CHttpResponseCodec.java:187)
at org.openqa.selenium.remote.http.W3CHttpResponseCodec.decode(W3CHttpResponseCodec.java:122)
at org.openqa.selenium.remote.http.W3CHttpResponseCodec.decode(W3CHttpResponseCodec.java:49)
at org.openqa.selenium.remote.HttpCommandExecutor.execute(HttpCommandExecutor.java:158)
at org.openqa.selenium.remote.service.DriverCommandExecutor.execute(DriverCommandExecutor.java:83)
at org.openqa.selenium.remote.RemoteWebDriver.execute(RemoteWebDriver.java:552)
at org.openqa.selenium.remote.RemoteWebDriver.findElement(RemoteWebDriver.java:323)
at org.openqa.selenium.remote.RemoteWebDriver.findElementByXPath(RemoteWebDriver.java:428)
at org.openqa.selenium.By$ByXPath.findElement(By.java:353)
at org.openqa.selenium.remote.RemoteWebDriver.findElement(RemoteWebDriver.java:315)
at Day1_Selenium.TestHomePage.HomeArrivalsAddtoBasketItemsCoupon(TestHomePage.java:505)
at java.base/jdk.internal.reflect.NativeMethodAccessorImpl.invoke0(Native Method)
at java.base/jdk.internal.reflect.NativeMethodAccessorImpl.invoke(NativeMethodAccessorImpl.java:77)
at java.base/jdk.internal.reflect.DelegatingMethodAccessorImpl.invoke(DelegatingMethodAccessorImpl.java:43)
at java.base/java.lang.reflect.Method.invoke(Method.java:568)
at org.testng.internal.invokers.MethodInvocationHelper.invokeMethod(MethodInvocationHelper.java:135)
at org.testng.internal.invokers.TestInvoker.invokeMethod(TestInvoker.java:673)
at org.testng.internal.invokers.TestInvoker.invokeTestMethod(TestInvoker.java:220)
at org.testng.internal.invokers.MethodRunner.runInSequence(MethodRunner.java:50)
at org.testng.internal.invokers.TestInvoker$MethodInvocationAgent.invoke(TestInvoker.java:945)
at org.testng.internal.invokers.TestInvoker.invokeTestMethods(TestInvoker.java:193)
at org.testng.internal.invokers.TestMethodWorker.invokeTestMethods(TestMethodWorker.java:146)
at org.testng.internal.invokers.TestMethodWorker.run(TestMethodWorker.java:128)
at java.base/java.util.ArrayList.forEach(ArrayList.java:1511)
at org.testng.TestRunner.privateRun(TestRunner.java:808)
at org.testng.TestRunner.run(TestRunner.java:603)
at org.testng.SuiteRunner.runTest(SuiteRunner.java:429)
at org.testng.SuiteRunner.runSequentially(SuiteRunner.java:423)
at org.testng.SuiteRunner.privateRun(SuiteRunner.java:383)
at org.testng.SuiteRunner.run(SuiteRunner.java:326)
at org.testng.SuiteRunnerWorker.runSuite(SuiteRunnerWorker.java:52)
at org.testng.SuiteRunnerWorker.run(SuiteRunnerWorker.java:95)
at org.testng.TestNG.runSuitesSequentially(TestNG.java:1249)
at org.testng.TestNG.runSuitesLocally(TestNG.java:1169)
at org.testng.TestNG.runSuites(TestNG.java:1092)
at org.testng.TestNG.run(TestNG.java:1060)
at org.testng.remote.AbstractRemoteTestNG.run(AbstractRemoteTestNG.java:115)
at org.testng.remote.RemoteTestNG.initAndRun(RemoteTestNG.java:251)
at org.testng.remote.RemoteTestNG.main(RemoteTestNG.java:77)
]]>
    </error>
  </testcase> <!-- HomeArrivalsAddtoBasketItemsCoupon -->
  <system-out/>
  <testcase classname="Day1_Selenium.TestHomePage" name="HomeArrivalsAddtoBasketItemsCheckoutPaymentGateway">
    <skipped/>
  </testcase> <!-- HomeArrivalsAddtoBasketItemsCheckoutPaymentGateway -->
  <system-out/>
  <testcase classname="Day1_Selenium.TestHomePage" name="HomepagewiththreeArrivalsonly">
    <skipped/>
  </testcase> <!-- HomepagewiththreeArrivalsonly -->
  <system-out/>
  <testcase classname="Day1_Selenium.TestHomePage" name="HomeArrivalsAddtoBasketItemsAddbook">
    <skipped/>
  </testcase> <!-- HomeArrivalsAddtoBasketItemsAddbook -->
  <system-out/>
  <testcase classname="Day1_Selenium.TestHomePage" name="HomepageArrivalsImagesDescription">
    <skipped/>
  </testcase> <!-- HomepageArrivalsImagesDescription -->
  <system-out/>
  <testcase classname="Day1_Selenium.TestHomePage" name="HomepageArrivalsAddtoBasketwithmorebooks">
    <skipped/>
  </testcase> <!-- HomepageArrivalsAddtoBasketwithmorebooks -->
  <system-out/>
  <testcase classname="Day1_Selenium.TestHomePage" name="HomepageArrivalsImagesReviews">
    <skipped/>
  </testcase> <!-- HomepageArrivalsImagesReviews -->
  <system-out/>
  <testcase classname="Day1_Selenium.TestHomePage" name="HomepageImagesinArrivalsnavigate">
    <skipped/>
  </testcase> <!-- HomepageImagesinArrivalsnavigate -->
  <system-out/>
  <testcase classname="Day1_Selenium.TestHomePage" name="HomePagewiththreeSlidersonly">
    <skipped/>
  </testcase> <!-- HomePagewiththreeSlidersonly -->
  <system-out/>
  <testcase classname="Day1_Selenium.TestHomePage" name="HomeArrivalsAddtoBasketItemsCheckoutPaymentGatewayPlaceorder">
    <skipped/>
  </testcase> <!-- HomeArrivalsAddtoBasketItemsCheckoutPaymentGatewayPlaceorder -->
  <system-out/>
  <testcase classname="Day1_Selenium.TestHomePage" name="HomeArrivalsAddtoBasketItemsCheckoutfunctionality">
    <skipped/>
  </testcase> <!-- HomeArrivalsAddtoBasketItemsCheckoutfunctionality -->
  <system-out/>
  <testcase classname="Day1_Selenium.TestHomePage" name="HomepageArrivalsImagesAddtoBasket">
    <skipped/>
  </testcase> <!-- HomepageArrivalsImagesAddtoBasket -->
  <system-out/>
  <testcase classname="Day1_Selenium.TestHomePage" name="HomeArrivalsAddtoBasketItemsCheckoutTotalAndSubtotalcondition">
    <skipped/>
  </testcase> <!-- HomeArrivalsAddtoBasketItemsCheckoutTotalAndSubtotalcondition -->
  <system-out/>
  <testcase classname="Day1_Selenium.TestHomePage" name="HomeArrivalsAddtoBasketItemsCheckoutBookFinalprice">
    <skipped/>
  </testcase> <!-- HomeArrivalsAddtoBasketItemsCheckoutBookFinalprice -->
  <system-out/>
  <testcase classname="Day1_Selenium.TestHomePage" name="HomeArrivalsAddtoBasketItems">
    <skipped/>
  </testcase> <!-- HomeArrivalsAddtoBasketItems -->
  <system-out/>
  <testcase classname="Day1_Selenium.TestHomePage" name="HomeArrivalsAddtoBasketItemsCouponvalueless450">
    <skipped/>
  </testcase> <!-- HomeArrivalsAddtoBasketItemsCouponvalueless450 -->
  <system-out/>
  <testcase classname="Day1_Selenium.TestHomePage" name="HomeArrivalsAddtoBasketItemsCheckoutUpdateBasket">
    <skipped/>
  </testcase> <!-- HomeArrivalsAddtoBasketItemsCheckoutUpdateBasket -->
  <system-out/>
  <testcase classname="Day1_Selenium.TestHomePage" name="HomeArrivalsAddtoBasketItemsRemovebook">
    <skipped/>
  </testcase> <!-- HomeArrivalsAddtoBasketItemsRemovebook -->
  <system-out/>
</testsuite> <!-- Day1_Selenium.TestHomePage -->
